{"name": "test_div_float[2.22222222-2-1.111111]", "status": "failed", "statusDetails": {"message": "AssertionError: assert 1.11111111 == 1.111111\n +  where 1.11111111 = div(2.22222222, 2)", "trace": "number3 = 2.22222222, number4 = 2, expect1 = 1.111111\n\n    @allure.suite('float数据组')\n    @pytest.mark.float\n    @pytest.mark.parametrize(\"number3,number4,expect1\", {\n        (2.33, 1, 2.33),\n        (6.66, 2.22, 3),\n        (2.22222222, 2, 1.111111)\n    })\n    def test_div_float(number3, number4, expect1):\n>       assert div(number3, number4) == expect1\nE       assert 1.11111111 == 1.111111\nE        +  where 1.11111111 = div(2.22222222, 2)\n\nunit/test_py_test.py:39: AssertionError"}, "parameters": [{"name": "number3", "value": "2.22222222"}, {"name": "number4", "value": "2"}, {"name": "expect1", "value": "1.111111"}], "start": 1584177260577, "stop": 1584177260578, "uuid": "f2f44bba-b3f3-45c5-b6de-487acf0e44e2", "historyId": "f51aef7bee4cb01e83b94fb011a4e3a3", "testCaseId": "62ae482f919e5777eb98723e410bbafe", "fullName": "unit.test_py_test#test_div_float", "labels": [{"name": "suite", "value": "float数据组"}, {"name": "tag", "value": "float"}, {"name": "parentSuite", "value": "unit"}, {"name": "host", "value": "chloehandeMacBook-Pro.local"}, {"name": "thread", "value": "21269-MainThread"}, {"name": "framework", "value": "pytest"}, {"name": "language", "value": "cpython3"}, {"name": "package", "value": "unit.test_py_test"}]}